<?xml version="1.0" encoding="UTF-8"?>
<testsuite name="dominio.unitaria.VehiculoTest" tests="1" skipped="0" failures="0" errors="0" timestamp="2018-05-04T15:33:34" hostname="ANDRES-OSORIO" time="0.007">
  <properties/>
  <testcase name="CrearVehiculoTest" classname="dominio.unitaria.VehiculoTest" time="0.007"/>
  <system-out><![CDATA[]]></system-out>
  <system-err><![CDATA[]]></system-err>
</testsuite>
